Arguments: 
  /usr/local/bin/node /opt/yarn-v1.22.19/bin/yarn.js build

PATH: 
  /project/home/pitcher-host/.nix-profile/bin:/nix/var/nix/profiles/default/bin:/project/home/pitcher-host/.local/state/fnm_multishells/12068_1685935726392/bin:/usr/share/fnm:/usr/local/sbin:/usr/local/bin:/usr/sbin:/usr/bin:/sbin:/bin

Yarn version: 
  1.22.19

Node version: 
  16.17.0

Platform: 
  linux x64

Trace: 
  SyntaxError: /project/codesandbox_javascript/package.json: Unexpected token / in JSON at position 131
      at JSON.parse (<anonymous>)
      at /opt/yarn-v1.22.19/lib/cli.js:1629:59
      at Generator.next (<anonymous>)
      at step (/opt/yarn-v1.22.19/lib/cli.js:310:30)
      at /opt/yarn-v1.22.19/lib/cli.js:321:13

npm manifest: 
  {
    "name": "vanilla",
    "version": "1.0.0",
    "description": "JavaScript example starter project",
    "main": "calculator.html",
    //"main": "index.html",
    "scripts": {
      "start": "parcel calculator.html --open",
      "build": "parcel build calculator.html"
    },
    "dependencies": { "parcel-bundler": "^1.6.1" },
    "devDependencies": {
      "@babel/core": "7.2.0",
      "typescript": "4.4.4"
    },
    "resolutions": {
      "@babel/preset-env": "7.13.8"
    },
    "keywords": ["javascript", "starter"]
  }

yarn manifest: 
  No manifest

Lockfile: 
  No lockfile
